<testng-results>
  <reporter-output>
    <line>Attribute exists, name: exit-code value: SUCCESS</line>
    <line>Attribute exists, name: children value: http-listener-1+++++++++;http-listener-2+++++++++;admin-listener++++++++++</line>
    <line>Attribute exists, name: exit-code value: SUCCESS</line>
    <line>Attribute exists, name: exit-code value: SUCCESS</line>
    <line>Attribute exists, name: exit-code value: SUCCESS</line>
    <line>Attribute exists, name: exit-code value: SUCCESS</line>
    <line>Attribute exists, name: exit-code value: SUCCESS</line>
    <line>Attribute exists, name: children value: -client;-Djava.awt.headless%3Dtrue;-Djdk.corba.allowOutputStreamSubclass%3Dtrue;-Djavax.xml.accessExternalSchema%3Dall;-Djavax.management.builder.initial%3Dcom.sun.enterprise.v3.admin.AppServerMBeanServerBuilder;-XX%3A%2BUnlockDiagnosticVMOptions;-Djava.endorsed.dirs%3D%24%7Bcom.sun.aas.installRoot%7D%2Fmodules%2Fendorsed%24%7Bpath.separator%7D%24%7Bcom.sun.aas.installRoot%7D%2Flib%2Fendorsed;-Djava.security.policy%3D%24%7Bcom.sun.aas.instanceRoot%7D%2Fconfig%2Fserver.policy;-Djava.security.auth.login.config%3D%24%7Bcom.sun.aas.instanceRoot%7D%2Fconfig%2Flogin.conf;-Dcom.sun.enterprise.security.httpsOutboundKeyAlias%3Ds1as;-Xmx512m;-Djavax.net.ssl.keyStore%3D%24%7Bcom.sun.aas.instanceRoot%7D%2Fconfig%2Fkeystore.jks;-Djavax.net.ssl.trustStore%3D%24%7Bcom.sun.aas.instanceRoot%7D%2Fconfig%2Fcacerts.jks;-Djava.ext.dirs%3D%24%7Bcom.sun.aas.javaRoot%7D%2Flib%2Fext%24%7Bpath.separator%7D%24%7Bcom.sun.aas.javaRoot%7D%2Fjre%2Flib%2Fext%24%7Bpath.separator%7D%24%7Bcom.sun.aas.instanceRoot%7D%2Flib%2Fext;-Djdbc.drivers%3Dorg.apache.derby.jdbc.ClientDriver;-DANTLR_USE_DIRECT_CLASS_LOADING%3Dtrue;-Dcom.sun.enterprise.config.config_environment_factory_class%3Dcom.sun.enterprise.config.serverbeans.AppserverConfigEnvironmentFactory;-Dorg.glassfish.additionalOSGiBundlesToStart%3Dorg.apache.felix.shell%2Corg.apache.felix.gogo.runtime%2Corg.apache.felix.gogo.shell%2Corg.apache.felix.gogo.command%2Corg.apache.felix.shell.remote%2Corg.apache.felix.fileinstall;-Dosgi.shell.telnet.port%3D6666;-Dosgi.shell.telnet.maxconn%3D1;-Dosgi.shell.telnet.ip%3D127.0.0.1;-Dgosh.args%3D--nointeractive;-Dfelix.fileinstall.dir%3D%24%7Bcom.sun.aas.installRoot%7D%2Fmodules%2Fautostart%2F;-Dfelix.fileinstall.poll%3D5000;-Dfelix.fileinstall.log.level%3D2;-Dfelix.fileinstall.bundles.new.start%3Dtrue;-Dfelix.fileinstall.bundles.startTransient%3Dtrue;-Dfelix.fileinstall.disableConfigSave%3Dfalse;-XX%3ANewRatio%3D2;-Dcom.ctc.wstx.returnNullForDefaultNamespace%3Dtrue;-Djdk.tls.rejectClientInitiatedRenegotiation%3Dtrue;-Dorg.jboss.weld.serialization.beanIdentifierIndexOptimization%3Dfalse;-Dorg.glassfish.grizzly.DEFAULT_MEMORY_MANAGER%3Dorg.glassfish.grizzly.memory.HeapMemoryManager;-XX%3AMaxPermSize%3D512m;-Djava.net.preferIPv4Stack%3Dtrue;-Dname%3D+joe+blo</line>
    <line>Attribute exists, name: exit-code value: SUCCESS</line>
    <line>Attribute exists, name: exit-code value: SUCCESS</line>
    <line>Attribute exists, name: children value: http-listener-1+++++++++;http-listener-2+++++++++;admin-listener++++++++++;ls12345+++++++++++++++++</line>
    <line>Attribute exists, name: exit-code value: SUCCESS</line>
    <line>Attribute exists, name: exit-code value: SUCCESS</line>
    <line>Attribute exists, name: exit-code value: SUCCESS</line>
    <line>Attribute exists, name: children value: http-listener-1+++++++++;http-listener-2+++++++++;admin-listener++++++++++</line>
    <line>Attribute exists, name: exit-code value: SUCCESS</line>
    <line>Attribute exists, name: children value: http-listener-1+++++++++;http-listener-2+++++++++;admin-listener++++++++++</line>
    <line>Attribute exists, name: exit-code value: SUCCESS</line>
    <line>Attribute exists, name: exit-code value: SUCCESS</line>
    <line>Attribute exists, name: exit-code value: SUCCESS</line>
    <line>Attribute exists, name: exit-code value: SUCCESS</line>
    <line>Attribute exists, name: exit-code value: SUCCESS</line>
    <line>Attribute exists, name: exit-code value: SUCCESS</line>
    <line>Attribute exists, name: children value: -client;-Djava.awt.headless%3Dtrue;-Djdk.corba.allowOutputStreamSubclass%3Dtrue;-Djavax.xml.accessExternalSchema%3Dall;-Djavax.management.builder.initial%3Dcom.sun.enterprise.v3.admin.AppServerMBeanServerBuilder;-XX%3A%2BUnlockDiagnosticVMOptions;-Djava.endorsed.dirs%3D%24%7Bcom.sun.aas.installRoot%7D%2Fmodules%2Fendorsed%24%7Bpath.separator%7D%24%7Bcom.sun.aas.installRoot%7D%2Flib%2Fendorsed;-Djava.security.policy%3D%24%7Bcom.sun.aas.instanceRoot%7D%2Fconfig%2Fserver.policy;-Djava.security.auth.login.config%3D%24%7Bcom.sun.aas.instanceRoot%7D%2Fconfig%2Flogin.conf;-Dcom.sun.enterprise.security.httpsOutboundKeyAlias%3Ds1as;-Xmx512m;-Djavax.net.ssl.keyStore%3D%24%7Bcom.sun.aas.instanceRoot%7D%2Fconfig%2Fkeystore.jks;-Djavax.net.ssl.trustStore%3D%24%7Bcom.sun.aas.instanceRoot%7D%2Fconfig%2Fcacerts.jks;-Djava.ext.dirs%3D%24%7Bcom.sun.aas.javaRoot%7D%2Flib%2Fext%24%7Bpath.separator%7D%24%7Bcom.sun.aas.javaRoot%7D%2Fjre%2Flib%2Fext%24%7Bpath.separator%7D%24%7Bcom.sun.aas.instanceRoot%7D%2Flib%2Fext;-Djdbc.drivers%3Dorg.apache.derby.jdbc.ClientDriver;-DANTLR_USE_DIRECT_CLASS_LOADING%3Dtrue;-Dcom.sun.enterprise.config.config_environment_factory_class%3Dcom.sun.enterprise.config.serverbeans.AppserverConfigEnvironmentFactory;-Dorg.glassfish.additionalOSGiBundlesToStart%3Dorg.apache.felix.shell%2Corg.apache.felix.gogo.runtime%2Corg.apache.felix.gogo.shell%2Corg.apache.felix.gogo.command%2Corg.apache.felix.shell.remote%2Corg.apache.felix.fileinstall;-Dosgi.shell.telnet.port%3D6666;-Dosgi.shell.telnet.maxconn%3D1;-Dosgi.shell.telnet.ip%3D127.0.0.1;-Dgosh.args%3D--nointeractive;-Dfelix.fileinstall.dir%3D%24%7Bcom.sun.aas.installRoot%7D%2Fmodules%2Fautostart%2F;-Dfelix.fileinstall.poll%3D5000;-Dfelix.fileinstall.log.level%3D2;-Dfelix.fileinstall.bundles.new.start%3Dtrue;-Dfelix.fileinstall.bundles.startTransient%3Dtrue;-Dfelix.fileinstall.disableConfigSave%3Dfalse;-XX%3ANewRatio%3D2;-Dcom.ctc.wstx.returnNullForDefaultNamespace%3Dtrue;-Djdk.tls.rejectClientInitiatedRenegotiation%3Dtrue;-Dorg.jboss.weld.serialization.beanIdentifierIndexOptimization%3Dfalse;-Dorg.glassfish.grizzly.DEFAULT_MEMORY_MANAGER%3Dorg.glassfish.grizzly.memory.HeapMemoryManager;-XX%3AMaxPermSize%3D512m;-Djava.net.preferIPv4Stack%3Dtrue</line>
    <line>Attribute exists, name: exit-code value: SUCCESS</line>
    <line>Attribute exists, name: children value: __TimerPool;DerbyPool;javadb_pool</line>
    <line>Attribute exists, name: exit-code value: SUCCESS</line>
    <line>Attribute exists, name: exit-code value: SUCCESS</line>
    <line>Attribute exists, name: children value: __TimerPool;DerbyPool</line>
    <line>Attribute exists, name: exit-code value: SUCCESS</line>
    <line>Attribute exists, name: exit-code value: SUCCESS</line>
  </reporter-output>
  <suite name="QuickLookTests">
    <groups>
      <group name="amx">
        <method signature="amxtest.AMXCoreTests.bootAMX()" name="bootAMX" class="amxtest.AMXCoreTests"/>
        <method signature="amxtest.AMXCoreTests.iterateAllSanityCheck()" name="iterateAllSanityCheck" class="amxtest.AMXCoreTests"/>
        <method signature="amxtest.AMXCoreTests.testDemo()" name="testDemo" class="amxtest.AMXCoreTests"/>
        <method signature="amxtest.AMXConfigProxyTests.testForBogusConfigAnnotations()" name="testForBogusConfigAnnotations" class="amxtest.AMXConfigProxyTests"/>
        <method signature="amxtest.AMXCoreTests.testAMXComplianceMonitorFailureCount()" name="testAMXComplianceMonitorFailureCount" class="amxtest.AMXCoreTests"/>
        <method signature="amxtest.AMXProxyTests.testLogging()" name="testLogging" class="amxtest.AMXProxyTests"/>
        <method signature="amxtest.AMXProxyTests.testMonitoringRoot()" name="testMonitoringRoot" class="amxtest.AMXProxyTests"/>
        <method signature="amxtest.AMXProxyTests.testDomainRoot()" name="testDomainRoot" class="amxtest.AMXProxyTests"/>
        <method signature="amxtest.AMXProxyTests.testBulkAccess()" name="testBulkAccess" class="amxtest.AMXProxyTests"/>
        <method signature="amxtest.AMXProxyTests.testExt()" name="testExt" class="amxtest.AMXProxyTests"/>
        <method signature="amxtest.AMXOtherTests.testVariousGetters()" name="testVariousGetters" class="amxtest.AMXOtherTests"/>
        <method signature="amxtest.AMXProxyTests.testTools()" name="testTools" class="amxtest.AMXProxyTests"/>
        <method signature="amxtest.AMXProxyTests.testSystemInfo()" name="testSystemInfo" class="amxtest.AMXProxyTests"/>
        <method signature="amxtest.AMXProxyTests.testForBogusAnnotations()" name="testForBogusAnnotations" class="amxtest.AMXProxyTests"/>
        <method signature="amxtest.AMXProxyTests.testRuntimeRoot()" name="testRuntimeRoot" class="amxtest.AMXProxyTests"/>
        <method signature="amxtest.AMXProxyTests.testPathnames()" name="testPathnames" class="amxtest.AMXProxyTests"/>
        <method signature="amxtest.AMXProxyTests.testQuery()" name="testQuery" class="amxtest.AMXProxyTests"/>
        <method signature="amxtest.AMXProxyTests.testServerRuntime()" name="testServerRuntime" class="amxtest.AMXProxyTests"/>
        <method signature="amxtest.AMXProxyTests.testJ2EEDomain()" name="testJ2EEDomain" class="amxtest.AMXProxyTests"/>
      </group>
      <group name="init">
        <method signature="test.jpa.jpainjectemf.JpaInjectEMFTestNG.persistWithInjectEMF()" name="persistWithInjectEMF" class="test.jpa.jpainjectemf.JpaInjectEMFTestNG"/>
        <method signature="test.jpa.jpavalidation.JpaValidationTestNG.initialize()" name="initialize" class="test.jpa.jpavalidation.JpaValidationTestNG"/>
        <method signature="test.security.appperms.ApppermsTestNG.singletonStartup()" name="singletonStartup" class="test.security.appperms.ApppermsTestNG"/>
        <method signature="test.ejb.remoteview.RemoteViewTestNG.helloRemote()" name="helloRemote" class="test.ejb.remoteview.RemoteViewTestNG"/>
        <method signature="test.ejb.singleton.SingletonTestNG.singletonStartup()" name="singletonStartup" class="test.ejb.singleton.SingletonTestNG"/>
        <method signature="test.ejb.sfulnoi.SfulnoiTestNG.SetName()" name="SetName" class="test.ejb.sfulnoi.SfulnoiTestNG"/>
        <method signature="test.ejb.slsbnicmt.SlsbnicmtTestNG.EJBInject()" name="EJBInject" class="test.ejb.slsbnicmt.SlsbnicmtTestNG"/>
      </group>
      <group name="osgi">
        <method signature="test.admin.OsgiAsadminTest.createOsgiListener()" name="createOsgiListener" class="test.admin.OsgiAsadminTest"/>
        <method signature="test.osgi.hello.HelloOSGITestNG.simpleOSGIDeployTest()" name="simpleOSGIDeployTest" class="test.osgi.hello.HelloOSGITestNG"/>
        <method signature="test.osgi.hello.HelloOSGITestNG.simpleJSPTestPage()" name="simpleJSPTestPage" class="test.osgi.hello.HelloOSGITestNG"/>
        <method signature="test.osgi.hello.HelloOSGITestNG.simpleServletTest()" name="simpleServletTest" class="test.osgi.hello.HelloOSGITestNG"/>
        <method signature="test.osgi.hello.HelloOSGITestNG.simpleOSGIUnDeployTest()" name="simpleOSGIUnDeployTest" class="test.osgi.hello.HelloOSGITestNG"/>
      </group>
      <group name="pulse">
        <method signature="test.web.jsp.hello.HelloJSPTestNG.staticHTMLPageTest()" name="staticHTMLPageTest" class="test.web.jsp.hello.HelloJSPTestNG"/>
        <method signature="test.web.jsp.hello.HelloJSPTestNG.testServerRunning()" name="testServerRunning" class="test.web.jsp.hello.HelloJSPTestNG"/>
        <method signature="test.web.jsp.hello.HelloJSPTestNG.simpleServletTest()" name="simpleServletTest" class="test.web.jsp.hello.HelloJSPTestNG"/>
        <method signature="test.web.jsp.hello.HelloJSPTestNG.simpleJSPTestPage()" name="simpleJSPTestPage" class="test.web.jsp.hello.HelloJSPTestNG"/>
        <method signature="test.jsf.astrologer.JSFWebTestNG.jsfIndexPageBasicTest()" name="jsfIndexPageBasicTest" class="test.jsf.astrologer.JSFWebTestNG"/>
        <method signature="test.jsf.astrologer.JSFWebTestNG.jsfAppDeployedFirstPagetest()" name="jsfAppDeployedFirstPagetest" class="test.jsf.astrologer.JSFWebTestNG"/>
        <method signature="test.jdbc.jdbcusertx.JdbcUserTxTestNG.testNoLeak()" name="testNoLeak" class="test.jdbc.jdbcusertx.JdbcUserTxTestNG"/>
        <method signature="test.jdbc.jdbcusertx.JdbcUserTxTestNG.testUserTx()" name="testUserTx" class="test.jdbc.jdbcusertx.JdbcUserTxTestNG"/>
        <method signature="test.security.hellojsp.HelloSecurityTestNG.staticHTMLPageTest()" name="staticHTMLPageTest" class="test.security.hellojsp.HelloSecurityTestNG"/>
        <method signature="test.security.hellojsp.HelloSecurityTestNG.simpleServletTest()" name="simpleServletTest" class="test.security.hellojsp.HelloSecurityTestNG"/>
        <method signature="test.security.hellojsp.HelloSecurityTestNG.simpleJSPTestPage()" name="simpleJSPTestPage" class="test.security.hellojsp.HelloSecurityTestNG"/>
        <method signature="test.CmpRosterTestNG.test()" name="test" class="test.CmpRosterTestNG"/>
        <method signature="test.bv.servlet.simple.SimpleBVServletTestNG.executeServlet()" name="executeServlet" class="test.bv.servlet.simple.SimpleBVServletTestNG"/>
        <method signature="test.web.extensions.ExtensionsTestNG.jarExtensionBeanObserversTest()" name="jarExtensionBeanObserversTest" class="test.web.extensions.ExtensionsTestNG"/>
        <method signature="test.web.extensions.ExtensionsTestNG.extensionBeanObserversTest()" name="extensionBeanObserversTest" class="test.web.extensions.ExtensionsTestNG"/>
        <method signature="test.web.extensions.ExtensionsTestNG.webBeanTest()" name="webBeanTest" class="test.web.extensions.ExtensionsTestNG"/>
        <method signature="test.web.extensions.ExtensionsTestNG.injectionTargetAdaptionTest()" name="injectionTargetAdaptionTest" class="test.web.extensions.ExtensionsTestNG"/>
        <method signature="test.web.extensions.ExtensionsTestNG.extensionBeanReferenceTest()" name="extensionBeanReferenceTest" class="test.web.extensions.ExtensionsTestNG"/>
        <method signature="test.web.extensions.ExtensionsTestNG.jarExtensionBeanReferenceTest()" name="jarExtensionBeanReferenceTest" class="test.web.extensions.ExtensionsTestNG"/>
        <method signature="test.admin.WebtierTests.createListener()" name="createListener" class="test.admin.WebtierTests"/>
        <method signature="test.admin.JdbcConnectionPoolTests.createPool()" name="createPool" class="test.admin.JdbcConnectionPoolTests"/>
        <method signature="test.admin.JvmOptionTests.createJoe()" name="createJoe" class="test.admin.JvmOptionTests"/>
        <method signature="test.admin.JvmOptionTests.ensureCreatedJoeExists()" name="ensureCreatedJoeExists" class="test.admin.JvmOptionTests"/>
        <method signature="test.admin.JvmOptionTests.deleteJoe()" name="deleteJoe" class="test.admin.JvmOptionTests"/>
        <method signature="test.admin.WebtierTests.ensureCreatedListenerExists()" name="ensureCreatedListenerExists" class="test.admin.WebtierTests"/>
        <method signature="test.admin.WebtierTests.deleteListener()" name="deleteListener" class="test.admin.WebtierTests"/>
        <method signature="test.admin.WebtierTests.ensureDeletedListenerDoesNotExist()" name="ensureDeletedListenerDoesNotExist" class="test.admin.WebtierTests"/>
        <method signature="test.admin.WebtierTests.createListenerWithOldParam()" name="createListenerWithOldParam" class="test.admin.WebtierTests"/>
        <method signature="test.admin.WebtierTests.deleteListener2()" name="deleteListener2" class="test.admin.WebtierTests"/>
        <method signature="test.admin.JdbcConnectionPoolTests.pingPool()" name="pingPool" class="test.admin.JdbcConnectionPoolTests"/>
        <method signature="test.admin.JvmOptionTests.deletedJoeDoesNotExist()" name="deletedJoeDoesNotExist" class="test.admin.JvmOptionTests"/>
        <method signature="test.admin.JdbcConnectionPoolTests.ensureCreatedPoolExists()" name="ensureCreatedPoolExists" class="test.admin.JdbcConnectionPoolTests"/>
        <method signature="test.admin.JdbcConnectionPoolTests.deletePool()" name="deletePool" class="test.admin.JdbcConnectionPoolTests"/>
        <method signature="test.admin.JdbcConnectionPoolTests.deletedPoolDoesNotExist()" name="deletedPoolDoesNotExist" class="test.admin.JdbcConnectionPoolTests"/>
        <method signature="jaxbosgi.JaxbOsgiTestNG.riOsgiTest()" name="riOsgiTest" class="jaxbosgi.JaxbOsgiTestNG"/>
        <method signature="jaxbosgi.JaxbOsgiTestNG.jaxb1Exist()" name="jaxb1Exist" class="jaxbosgi.JaxbOsgiTestNG"/>
        <method signature="jaxbosgi.JaxbOsgiTestNG.msvDatatypeExist()" name="msvDatatypeExist" class="jaxbosgi.JaxbOsgiTestNG"/>
        <method signature="jaxbosgi.JaxbOsgiTestNG.jaxb1Marshalling()" name="jaxb1Marshalling" class="jaxbosgi.JaxbOsgiTestNG"/>
      </group>
      <group name="rest">
        <method signature="test.admin.RestTests.testManagementEndpoint()" name="testManagementEndpoint" class="test.admin.RestTests"/>
        <method signature="test.admin.RestTests.testEndpointWithEncodedSlash()" name="testEndpointWithEncodedSlash" class="test.admin.RestTests"/>
        <method signature="test.admin.RestTests.testAdminCommandEndpoint()" name="testAdminCommandEndpoint" class="test.admin.RestTests"/>
        <method signature="test.admin.RestTests.testMonitoringEndpoint()" name="testMonitoringEndpoint" class="test.admin.RestTests"/>
        <method signature="test.admin.RestTests.testChildConfigBeanEndpoint()" name="testChildConfigBeanEndpoint" class="test.admin.RestTests"/>
      </group>
      <group name="adminconsole">
        <method signature="test.admin.AdminConsoleTests.testDeployedAppPage()" name="testDeployedAppPage" class="test.admin.AdminConsoleTests"/>
        <method signature="test.admin.AdminConsoleTests.testCommonTasks()" name="testCommonTasks" class="test.admin.AdminConsoleTests"/>
        <method signature="test.admin.AdminConsoleTests.testRealmsList()" name="testRealmsList" class="test.admin.AdminConsoleTests"/>
      </group>
    </groups>
    <test name="ejb_singleton_ear_redeploy">
      <class name="test.ejb.singleton.SingletonTestNG">
        <test-method status="PASS" signature="singletonStartup()" name="singletonStartup" duration-ms="13" started-at="2018-01-11T13:56:44Z" finished-at="2018-01-11T13:56:44Z">
        </test-method>
        <test-method status="PASS" signature="singletonInjectLookup()" name="singletonInjectLookup" duration-ms="4" depends-on-groups="init.*" started-at="2018-01-11T13:56:44Z" finished-at="2018-01-11T13:56:44Z">
        </test-method>
      </class>
    </test>
    <test name="jpa_inject_emf">
      <class name="test.jpa.jpainjectemf.JpaInjectEMFTestNG">
        <test-method status="SKIP" signature="lazyLoadingByQuery()" name="lazyLoadingByQuery" duration-ms="1" depends-on-groups="init.*" started-at="2018-01-11T13:56:40Z" finished-at="2018-01-11T13:56:40Z">
        </test-method>
        <test-method status="FAIL" signature="persistWithInjectEMF()" name="persistWithInjectEMF" duration-ms="99" started-at="2018-01-11T13:56:40Z" finished-at="2018-01-11T13:56:40Z">
          <exception class="java.lang.AssertionError">
            <message>
              <![CDATA[Unexpected Results expected:<true> but was:<false>]]>
            </message>
            <full-stacktrace>
              <![CDATA[java.lang.AssertionError: Unexpected Results expected:&lt;true&gt; but was:&lt;false&gt;
	at org.testng.Assert.fail(Assert.java:84)
	at org.testng.Assert.failNotEquals(Assert.java:438)
	at org.testng.Assert.assertEquals(Assert.java:108)
	at org.testng.Assert.assertEquals(Assert.java:239)
	at test.jpa.jpainjectemf.JpaInjectEMFTestNG.persistWithInjectEMF(JpaInjectEMFTestNG.java:69)
	at sun.reflect.NativeMethodAccessorImpl.invoke0(Native Method)
	at sun.reflect.NativeMethodAccessorImpl.invoke(NativeMethodAccessorImpl.java:57)
	at sun.reflect.DelegatingMethodAccessorImpl.invoke(DelegatingMethodAccessorImpl.java:43)
	at java.lang.reflect.Method.invoke(Method.java:606)
	at org.testng.internal.MethodHelper.invokeMethod(MethodHelper.java:604)
	at org.testng.internal.Invoker.invokeMethod(Invoker.java:470)
	at org.testng.internal.Invoker.invokeTestMethod(Invoker.java:564)
	at org.testng.internal.Invoker.invokeTestMethods(Invoker.java:830)
	at org.testng.internal.TestMethodWorker.invokeTestMethods(TestMethodWorker.java:125)
	at org.testng.internal.TestMethodWorker.run(TestMethodWorker.java:109)
	at org.testng.TestRunner.runWorkers(TestRunner.java:678)
	at org.testng.TestRunner.privateRun(TestRunner.java:624)
	at org.testng.TestRunner.run(TestRunner.java:495)
	at org.testng.SuiteRunner.runTest(SuiteRunner.java:300)
	at org.testng.SuiteRunner.runSequentially(SuiteRunner.java:295)
	at org.testng.SuiteRunner.privateRun(SuiteRunner.java:275)
	at org.testng.SuiteRunner.run(SuiteRunner.java:190)
	at org.testng.TestNG.createAndRunSuiteRunners(TestNG.java:792)
	at org.testng.TestNG.runSuitesLocally(TestNG.java:765)
	at org.testng.TestNG.run(TestNG.java:699)
	at org.testng.TestNG.privateMain(TestNG.java:824)
	at org.testng.TestNG.main(TestNG.java:802)
]]>
            </full-stacktrace>
          </exception>
        </test-method>
      </class>
    </test>
    <test name="MDB_tests">
      <class name="test.mdb.MDBTests">
        <test-method status="PASS" signature="undeployJMSAppTest()" name="undeployJMSAppTest" duration-ms="1786" started-at="2018-01-11T13:57:13Z" depends-on-methods="test.mdb.MDBTests.runJMSAppTest" finished-at="2018-01-11T13:57:15Z">
        </test-method>
        <test-method status="PASS" signature="runJMSAppTest(java.lang.String)" name="runJMSAppTest" duration-ms="15149" started-at="2018-01-11T13:56:58Z" depends-on-methods="test.mdb.MDBTests.deployJMSAppTest" finished-at="2018-01-11T13:57:13Z">
          <params>
            <param index="0">
              <value>
                <![CDATA[./dist/mdb/]]>
              </value>
            </param>
          </params>
        </test-method>
        <test-method status="PASS" signature="deleteJMSRscTest(java.lang.String)" name="deleteJMSRscTest" duration-ms="886" started-at="2018-01-11T13:57:15Z" depends-on-methods="test.mdb.MDBTests.undeployJMSAppTest" finished-at="2018-01-11T13:57:16Z">
          <params>
            <param index="0">
              <value>
                <![CDATA[ejb/mdb/delete_resources.asadmin]]>
              </value>
            </param>
          </params>
        </test-method>
        <test-method status="PASS" signature="deployJMSAppTest(java.lang.String)" name="deployJMSAppTest" duration-ms="5809" started-at="2018-01-11T13:56:52Z" depends-on-methods="test.mdb.MDBTests.createJMSRscTest" finished-at="2018-01-11T13:56:58Z">
          <params>
            <param index="0">
              <value>
                <![CDATA[./dist/mdb/]]>
              </value>
            </param>
          </params>
        </test-method>
        <test-method status="PASS" signature="createJMSRscTest(java.lang.String)" name="createJMSRscTest" duration-ms="6546" started-at="2018-01-11T13:56:46Z" finished-at="2018-01-11T13:56:52Z">
          <params>
            <param index="0">
              <value>
                <![CDATA[ejb/mdb/create_resources.asadmin]]>
              </value>
            </param>
          </params>
        </test-method>
      </class>
    </test>
    <test name="jdbc_user_tx">
      <class name="test.jdbc.jdbcusertx.JdbcUserTxTestNG">
        <test-method status="PASS" signature="testUserTx()" name="testUserTx" duration-ms="120" started-at="2018-01-11T13:56:40Z" finished-at="2018-01-11T13:56:40Z">
        </test-method>
        <test-method status="PASS" signature="testNoLeak()" name="testNoLeak" duration-ms="241" started-at="2018-01-11T13:56:40Z" finished-at="2018-01-11T13:56:40Z">
        </test-method>
      </class>
    </test>
    <test name="ejb_remoteview">
      <class name="test.ejb.remoteview.RemoteViewTestNG">
        <test-method status="PASS" signature="nonPortableGlobal()" name="nonPortableGlobal" duration-ms="32" depends-on-groups="init.*" started-at="2018-01-11T13:56:44Z" finished-at="2018-01-11T13:56:44Z">
        </test-method>
        <test-method status="PASS" signature="portableGlobal()" name="portableGlobal" duration-ms="34" depends-on-groups="init.*" started-at="2018-01-11T13:56:44Z" finished-at="2018-01-11T13:56:44Z">
        </test-method>
        <test-method status="PASS" signature="helloRemote()" name="helloRemote" duration-ms="3627" started-at="2018-01-11T13:56:40Z" finished-at="2018-01-11T13:56:44Z">
        </test-method>
      </class>
    </test>
    <test name="ejb_stateful_cmt_ni_war">
      <class name="test.ejb.slsbnicmt.SlsbnicmtTestNG">
        <test-method status="PASS" signature="JpaRemove()" name="JpaRemove" duration-ms="144" started-at="2018-01-11T13:56:44Z" depends-on-methods="test.ejb.slsbnicmt.SlsbnicmtTestNG.JpaPersist" finished-at="2018-01-11T13:56:44Z">
        </test-method>
        <test-method status="PASS" signature="JpaPersist()" name="JpaPersist" duration-ms="39" depends-on-groups="init.*" started-at="2018-01-11T13:56:44Z" finished-at="2018-01-11T13:56:44Z">
        </test-method>
        <test-method status="PASS" signature="EJBInject()" name="EJBInject" duration-ms="16" started-at="2018-01-11T13:56:44Z" finished-at="2018-01-11T13:56:44Z">
        </test-method>
        <test-method status="PASS" signature="JpaVerify()" name="JpaVerify" duration-ms="17" started-at="2018-01-11T13:56:44Z" depends-on-methods="test.ejb.slsbnicmt.SlsbnicmtTestNG.JpaRemove" finished-at="2018-01-11T13:56:44Z">
        </test-method>
      </class>
      <class name="test.ejb.sfulnoi.SfulnoiTestNG">
        <test-method status="PASS" signature="SetName()" name="SetName" duration-ms="19" started-at="2018-01-11T13:56:44Z" finished-at="2018-01-11T13:56:44Z">
        </test-method>
        <test-method status="PASS" signature="GetName()" name="GetName" duration-ms="2" depends-on-groups="init.*" started-at="2018-01-11T13:56:44Z" finished-at="2018-01-11T13:56:44Z">
        </test-method>
      </class>
    </test>
    <test name="admincli_tests">
      <class name="test.admincli.ExistStatusTests">
        <test-method status="PASS" signature="createJDBCPool()" name="createJDBCPool" duration-ms="489" started-at="2018-01-11T13:56:19Z" finished-at="2018-01-11T13:56:20Z">
        </test-method>
        <test-method status="PASS" signature="deleteJDBCPool()" name="deleteJDBCPool" duration-ms="416" started-at="2018-01-11T13:56:21Z" depends-on-methods="test.admincli.ExistStatusTests.pingJDBCPool" finished-at="2018-01-11T13:56:21Z">
        </test-method>
        <test-method status="PASS" signature="pingJDBCPool()" name="pingJDBCPool" duration-ms="854" started-at="2018-01-11T13:56:20Z" depends-on-methods="test.admincli.ExistStatusTests.createJDBCPool" finished-at="2018-01-11T13:56:21Z">
        </test-method>
      </class>
      <class name="test.admincli.RestartDomainTests">
        <test-method status="PASS" signature="restartDomainTest()" name="restartDomainTest" duration-ms="0" started-at="2018-01-11T13:56:21Z" finished-at="2018-01-11T13:56:21Z">
        </test-method>
      </class>
    </test>
    <test name="security_app_permissions">
      <class name="test.security.appperms.ApppermsTestNG">
        <test-method status="PASS" signature="singletonStartup()" name="singletonStartup" duration-ms="12" started-at="2018-01-11T13:56:40Z" finished-at="2018-01-11T13:56:40Z">
        </test-method>
        <test-method status="PASS" signature="singletonInjectLookup()" name="singletonInjectLookup" duration-ms="4" depends-on-groups="init.*" started-at="2018-01-11T13:56:40Z" finished-at="2018-01-11T13:56:40Z">
        </test-method>
      </class>
    </test>
    <test name="cluster_teardown">
      <class name="test.clusterteardown.ClusterTeardownTest">
        <test-method status="PASS" signature="deleteInstanceTest()" name="deleteInstanceTest" duration-ms="17887" started-at="2018-01-11T13:58:59Z" finished-at="2018-01-11T13:59:16Z">
        </test-method>
        <test-method status="PASS" signature="deleteClusterTest()" name="deleteClusterTest" duration-ms="496" started-at="2018-01-11T13:59:16Z" depends-on-methods="test.clusterteardown.ClusterTeardownTest.deleteInstanceTest" finished-at="2018-01-11T13:59:17Z">
        </test-method>
      </class>
    </test>
    <test name="amx_tests">
      <class name="amxtest.AMXConfigProxyTests">
        <test-method status="PASS" signature="testForBogusConfigAnnotations()" name="testForBogusConfigAnnotations" duration-ms="30" started-at="2018-01-11T13:56:30Z" finished-at="2018-01-11T13:56:30Z">
        </test-method>
        <test-method status="PASS" signature="setUpEnvironment(boolean, int)" name="setUpEnvironment" is-config="true" duration-ms="14" started-at="2018-01-11T13:56:30Z" description="get setup and connect to the MBeanServer" finished-at="2018-01-11T13:56:30Z">
          <params>
            <param index="0">
              <value>
                <![CDATA[true]]>
              </value>
            </param>
            <param index="1">
              <value>
                <![CDATA[8686]]>
              </value>
            </param>
          </params>
        </test-method>
      </class>
      <class name="amxtest.AMXOtherTests">
        <test-method status="PASS" signature="testVariousGetters()" name="testVariousGetters" duration-ms="15" started-at="2018-01-11T13:56:32Z" finished-at="2018-01-11T13:56:32Z">
        </test-method>
        <test-method status="PASS" signature="setUpEnvironment(boolean, int)" name="setUpEnvironment" is-config="true" duration-ms="11" started-at="2018-01-11T13:56:32Z" description="get setup and connect to the MBeanServer" finished-at="2018-01-11T13:56:32Z">
          <params>
            <param index="0">
              <value>
                <![CDATA[true]]>
              </value>
            </param>
            <param index="1">
              <value>
                <![CDATA[8686]]>
              </value>
            </param>
          </params>
        </test-method>
      </class>
      <class name="amxtest.AMXProxyTests">
        <test-method status="PASS" signature="setUpEnvironment(boolean, int)" name="setUpEnvironment" is-config="true" duration-ms="10" started-at="2018-01-11T13:56:32Z" description="get setup and connect to the MBeanServer" finished-at="2018-01-11T13:56:32Z">
          <params>
            <param index="0">
              <value>
                <![CDATA[true]]>
              </value>
            </param>
            <param index="1">
              <value>
                <![CDATA[8686]]>
              </value>
            </param>
          </params>
        </test-method>
        <test-method status="PASS" signature="testBulkAccess()" name="testBulkAccess" duration-ms="9" started-at="2018-01-11T13:56:32Z" finished-at="2018-01-11T13:56:32Z">
        </test-method>
        <test-method status="PASS" signature="testJ2EEDomain()" name="testJ2EEDomain" duration-ms="22" started-at="2018-01-11T13:56:33Z" finished-at="2018-01-11T13:56:33Z">
        </test-method>
        <test-method status="PASS" signature="testPathnames()" name="testPathnames" duration-ms="110" started-at="2018-01-11T13:56:33Z" finished-at="2018-01-11T13:56:33Z">
        </test-method>
        <test-method status="PASS" signature="testForBogusAnnotations()" name="testForBogusAnnotations" duration-ms="49" started-at="2018-01-11T13:56:33Z" finished-at="2018-01-11T13:56:33Z">
        </test-method>
        <test-method status="PASS" signature="testTools()" name="testTools" duration-ms="469" started-at="2018-01-11T13:56:32Z" finished-at="2018-01-11T13:56:33Z">
        </test-method>
        <test-method status="PASS" signature="testExt()" name="testExt" duration-ms="19" started-at="2018-01-11T13:56:32Z" finished-at="2018-01-11T13:56:32Z">
        </test-method>
        <test-method status="PASS" signature="testRuntimeRoot()" name="testRuntimeRoot" duration-ms="21" started-at="2018-01-11T13:56:33Z" finished-at="2018-01-11T13:56:33Z">
        </test-method>
        <test-method status="PASS" signature="testSystemInfo()" name="testSystemInfo" duration-ms="10" started-at="2018-01-11T13:56:33Z" finished-at="2018-01-11T13:56:33Z">
        </test-method>
        <test-method status="PASS" signature="testDomainRoot()" name="testDomainRoot" duration-ms="83" started-at="2018-01-11T13:56:32Z" finished-at="2018-01-11T13:56:32Z">
        </test-method>
        <test-method status="PASS" signature="testLogging()" name="testLogging" duration-ms="34" started-at="2018-01-11T13:56:32Z" finished-at="2018-01-11T13:56:32Z">
        </test-method>
        <test-method status="PASS" signature="testServerRuntime()" name="testServerRuntime" duration-ms="11" started-at="2018-01-11T13:56:33Z" finished-at="2018-01-11T13:56:33Z">
        </test-method>
        <test-method status="PASS" signature="testQuery()" name="testQuery" duration-ms="20" started-at="2018-01-11T13:56:33Z" finished-at="2018-01-11T13:56:33Z">
        </test-method>
        <test-method status="PASS" signature="testMonitoringRoot()" name="testMonitoringRoot" duration-ms="26" started-at="2018-01-11T13:56:32Z" finished-at="2018-01-11T13:56:32Z">
        </test-method>
      </class>
      <class name="amxtest.AMXCoreTests">
        <test-method status="PASS" signature="setUpEnvironment(boolean, int)" name="setUpEnvironment" is-config="true" duration-ms="2732" started-at="2018-01-11T13:56:21Z" description="get setup and connect to the MBeanServer" finished-at="2018-01-11T13:56:24Z">
          <params>
            <param index="0">
              <value>
                <![CDATA[true]]>
              </value>
            </param>
            <param index="1">
              <value>
                <![CDATA[8686]]>
              </value>
            </param>
          </params>
        </test-method>
        <test-method status="PASS" signature="iterateAllSanityCheck()" name="iterateAllSanityCheck" duration-ms="6057" started-at="2018-01-11T13:56:24Z" depends-on-methods="amxtest.AMXCoreTests.bootAMX" finished-at="2018-01-11T13:56:30Z">
        </test-method>
        <test-method status="PASS" signature="bootAMX()" name="bootAMX" duration-ms="1" started-at="2018-01-11T13:56:24Z" description="Core AMX tests" finished-at="2018-01-11T13:56:24Z">
        </test-method>
        <test-method status="PASS" signature="testAMXComplianceMonitorFailureCount()" name="testAMXComplianceMonitorFailureCount" duration-ms="1" started-at="2018-01-11T13:56:32Z" finished-at="2018-01-11T13:56:32Z">
        </test-method>
        <test-method status="PASS" signature="testDemo()" name="testDemo" duration-ms="1789" started-at="2018-01-11T13:56:30Z" finished-at="2018-01-11T13:56:32Z">
        </test-method>
      </class>
    </test>
    <test name="adminconsole_tests">
      <class name="test.admin.AdminConsoleTests">
        <test-method status="PASS" signature="testCommonTasks()" name="testCommonTasks" duration-ms="216" started-at="2018-01-11T13:56:38Z" finished-at="2018-01-11T13:56:38Z">
        </test-method>
        <test-method status="PASS" signature="testRealmsList()" name="testRealmsList" duration-ms="190" started-at="2018-01-11T13:56:38Z" finished-at="2018-01-11T13:56:39Z">
        </test-method>
        <test-method status="PASS" signature="loginBeforeTest(java.lang.String, int)" name="loginBeforeTest" is-config="true" duration-ms="2142" started-at="2018-01-11T13:56:33Z" finished-at="2018-01-11T13:56:35Z">
          <params>
            <param index="0">
              <value>
                <![CDATA[http://localhost:4848/]]>
              </value>
            </param>
            <param index="1">
              <value>
                <![CDATA[8686]]>
              </value>
            </param>
          </params>
        </test-method>
        <test-method status="PASS" signature="shutdownClient()" name="shutdownClient" is-config="true" duration-ms="0" started-at="2018-01-11T13:56:39Z" finished-at="2018-01-11T13:56:39Z">
        </test-method>
        <test-method status="PASS" signature="testDeployedAppPage()" name="testDeployedAppPage" duration-ms="3323" started-at="2018-01-11T13:56:35Z" finished-at="2018-01-11T13:56:38Z">
        </test-method>
      </class>
    </test>
    <test name="security_hello_jsp">
      <class name="test.security.hellojsp.HelloSecurityTestNG">
        <test-method status="PASS" signature="simpleServletTest()" name="simpleServletTest" duration-ms="3" started-at="2018-01-11T13:56:40Z" finished-at="2018-01-11T13:56:40Z">
        </test-method>
        <test-method status="PASS" signature="staticHTMLPageTest()" name="staticHTMLPageTest" duration-ms="10" started-at="2018-01-11T13:56:40Z" finished-at="2018-01-11T13:56:40Z">
        </test-method>
        <test-method status="PASS" signature="simpleJSPTestPage()" name="simpleJSPTestPage" duration-ms="2" started-at="2018-01-11T13:56:40Z" finished-at="2018-01-11T13:56:40Z">
        </test-method>
      </class>
    </test>
    <test name="jms_injection_jmsContext">
      <class name="test.jms.injection.ClientTestNG">
        <test-method status="PASS" signature="testTransactionScopedJMSContextInjection()" name="testTransactionScopedJMSContextInjection" duration-ms="74" started-at="2018-01-11T13:59:17Z" finished-at="2018-01-11T13:59:17Z">
        </test-method>
        <test-method status="PASS" signature="testRequestScopedJMSContextInjection()" name="testRequestScopedJMSContextInjection" duration-ms="82" started-at="2018-01-11T13:59:17Z" finished-at="2018-01-11T13:59:17Z">
        </test-method>
      </class>
    </test>
    <test name="jpa_validation">
      <class name="test.jpa.jpavalidation.JpaValidationTestNG">
        <test-method status="SKIP" signature="validateUpdate()" name="validateUpdate" duration-ms="1" started-at="2018-01-11T13:56:40Z" depends-on-methods="test.jpa.jpavalidation.JpaValidationTestNG.validatePersist" finished-at="2018-01-11T13:56:40Z">
        </test-method>
        <test-method status="SKIP" signature="verify()" name="verify" duration-ms="1" started-at="2018-01-11T13:56:40Z" depends-on-methods="test.jpa.jpavalidation.JpaValidationTestNG.validateRemove" finished-at="2018-01-11T13:56:40Z">
        </test-method>
        <test-method status="SKIP" signature="validatePersist()" name="validatePersist" duration-ms="0" depends-on-groups="init.*" started-at="2018-01-11T13:56:40Z" finished-at="2018-01-11T13:56:40Z">
        </test-method>
        <test-method status="SKIP" signature="validateRemove()" name="validateRemove" duration-ms="0" started-at="2018-01-11T13:56:40Z" depends-on-methods="test.jpa.jpavalidation.JpaValidationTestNG.validateUpdate" finished-at="2018-01-11T13:56:40Z">
        </test-method>
        <test-method status="FAIL" signature="initialize()" name="initialize" duration-ms="87" started-at="2018-01-11T13:56:40Z" finished-at="2018-01-11T13:56:40Z">
          <exception class="java.lang.AssertionError">
            <message>
              <![CDATA[Unexpected Results expected:<true> but was:<false>]]>
            </message>
            <full-stacktrace>
              <![CDATA[java.lang.AssertionError: Unexpected Results expected:&lt;true&gt; but was:&lt;false&gt;
	at org.testng.Assert.fail(Assert.java:84)
	at org.testng.Assert.failNotEquals(Assert.java:438)
	at org.testng.Assert.assertEquals(Assert.java:108)
	at org.testng.Assert.assertEquals(Assert.java:239)
	at test.jpa.jpavalidation.JpaValidationTestNG.initialize(JpaValidationTestNG.java:69)
	at sun.reflect.NativeMethodAccessorImpl.invoke0(Native Method)
	at sun.reflect.NativeMethodAccessorImpl.invoke(NativeMethodAccessorImpl.java:57)
	at sun.reflect.DelegatingMethodAccessorImpl.invoke(DelegatingMethodAccessorImpl.java:43)
	at java.lang.reflect.Method.invoke(Method.java:606)
	at org.testng.internal.MethodHelper.invokeMethod(MethodHelper.java:604)
	at org.testng.internal.Invoker.invokeMethod(Invoker.java:470)
	at org.testng.internal.Invoker.invokeTestMethod(Invoker.java:564)
	at org.testng.internal.Invoker.invokeTestMethods(Invoker.java:830)
	at org.testng.internal.TestMethodWorker.invokeTestMethods(TestMethodWorker.java:125)
	at org.testng.internal.TestMethodWorker.run(TestMethodWorker.java:109)
	at org.testng.TestRunner.runWorkers(TestRunner.java:678)
	at org.testng.TestRunner.privateRun(TestRunner.java:624)
	at org.testng.TestRunner.run(TestRunner.java:495)
	at org.testng.SuiteRunner.runTest(SuiteRunner.java:300)
	at org.testng.SuiteRunner.runSequentially(SuiteRunner.java:295)
	at org.testng.SuiteRunner.privateRun(SuiteRunner.java:275)
	at org.testng.SuiteRunner.run(SuiteRunner.java:190)
	at org.testng.TestNG.createAndRunSuiteRunners(TestNG.java:792)
	at org.testng.TestNG.runSuitesLocally(TestNG.java:765)
	at org.testng.TestNG.run(TestNG.java:699)
	at org.testng.TestNG.privateMain(TestNG.java:824)
	at org.testng.TestNG.main(TestNG.java:802)
]]>
            </full-stacktrace>
          </exception>
        </test-method>
      </class>
    </test>
    <test name="jsf_hello_world">
      <class name="test.jsf.astrologer.JSFWebTestNG">
        <test-method status="PASS" signature="beforeTest()" name="beforeTest" is-config="true" duration-ms="0" started-at="2018-01-11T13:56:39Z" finished-at="2018-01-11T13:56:39Z">
        </test-method>
        <test-method status="PASS" signature="beforeTest()" name="beforeTest" is-config="true" duration-ms="1" started-at="2018-01-11T13:56:39Z" finished-at="2018-01-11T13:56:39Z">
        </test-method>
        <test-method status="PASS" signature="jsfAppDeployedFirstPagetest()" name="jsfAppDeployedFirstPagetest" duration-ms="478" started-at="2018-01-11T13:56:39Z" finished-at="2018-01-11T13:56:40Z">
        </test-method>
        <test-method status="PASS" signature="jsfIndexPageBasicTest()" name="jsfIndexPageBasicTest" duration-ms="174" started-at="2018-01-11T13:56:39Z" finished-at="2018-01-11T13:56:39Z">
        </test-method>
      </class>
    </test>
    <test name="bv_servlet_simple">
      <class name="test.bv.servlet.simple.SimpleBVServletTestNG">
        <test-method status="PASS" signature="executeServlet()" name="executeServlet" duration-ms="83" started-at="2018-01-11T13:57:16Z" finished-at="2018-01-11T13:57:16Z">
        </test-method>
      </class>
    </test>
    <test name="rest_tests">
      <class name="test.admin.RestTests">
        <test-method status="PASS" signature="testAdminCommandEndpoint()" name="testAdminCommandEndpoint" duration-ms="9" started-at="2018-01-11T13:56:39Z" finished-at="2018-01-11T13:56:39Z">
        </test-method>
        <test-method status="PASS" signature="testChildConfigBeanEndpoint()" name="testChildConfigBeanEndpoint" duration-ms="8" started-at="2018-01-11T13:56:39Z" finished-at="2018-01-11T13:56:39Z">
        </test-method>
        <test-method status="PASS" signature="testEndpointWithEncodedSlash()" name="testEndpointWithEncodedSlash" duration-ms="46" started-at="2018-01-11T13:56:39Z" finished-at="2018-01-11T13:56:39Z">
        </test-method>
        <test-method status="PASS" signature="testMonitoringEndpoint()" name="testMonitoringEndpoint" duration-ms="89" started-at="2018-01-11T13:56:39Z" finished-at="2018-01-11T13:56:39Z">
        </test-method>
        <test-method status="PASS" signature="testManagementEndpoint()" name="testManagementEndpoint" duration-ms="30" started-at="2018-01-11T13:56:39Z" finished-at="2018-01-11T13:56:39Z">
        </test-method>
      </class>
    </test>
    <test name="osgi_test">
      <class name="test.osgi.hello.HelloOSGITestNG">
        <test-method status="PASS" signature="simpleOSGIUnDeployTest()" name="simpleOSGIUnDeployTest" duration-ms="1753" started-at="2018-01-11T13:57:22Z" depends-on-methods="test.osgi.hello.HelloOSGITestNG.simpleServletTest" finished-at="2018-01-11T13:57:24Z">
        </test-method>
        <test-method status="PASS" signature="simpleServletTest()" name="simpleServletTest" duration-ms="2" started-at="2018-01-11T13:57:22Z" depends-on-methods="test.osgi.hello.HelloOSGITestNG.simpleJSPTestPage" finished-at="2018-01-11T13:57:22Z">
        </test-method>
        <test-method status="PASS" signature="simpleJSPTestPage()" name="simpleJSPTestPage" duration-ms="5187" started-at="2018-01-11T13:57:17Z" depends-on-methods="test.osgi.hello.HelloOSGITestNG.simpleOSGIDeployTest" finished-at="2018-01-11T13:57:22Z">
        </test-method>
        <test-method status="PASS" signature="simpleOSGIDeployTest()" name="simpleOSGIDeployTest" duration-ms="573" started-at="2018-01-11T13:57:17Z" finished-at="2018-01-11T13:57:17Z">
        </test-method>
      </class>
    </test>
    <test name="weld_tests">
      <class name="test.web.extensions.ExtensionsTestNG">
        <test-method status="PASS" signature="extensionBeanReferenceTest()" name="extensionBeanReferenceTest" duration-ms="2" started-at="2018-01-11T13:57:16Z" finished-at="2018-01-11T13:57:16Z">
        </test-method>
        <test-method status="PASS" signature="jarExtensionBeanReferenceTest()" name="jarExtensionBeanReferenceTest" duration-ms="1" started-at="2018-01-11T13:57:16Z" finished-at="2018-01-11T13:57:16Z">
        </test-method>
        <test-method status="PASS" signature="injectionTargetAdaptionTest()" name="injectionTargetAdaptionTest" duration-ms="2" started-at="2018-01-11T13:57:16Z" finished-at="2018-01-11T13:57:16Z">
        </test-method>
        <test-method status="PASS" signature="extensionBeanObserversTest()" name="extensionBeanObserversTest" duration-ms="12" started-at="2018-01-11T13:57:16Z" finished-at="2018-01-11T13:57:16Z">
        </test-method>
        <test-method status="PASS" signature="webBeanTest()" name="webBeanTest" duration-ms="9" started-at="2018-01-11T13:57:16Z" finished-at="2018-01-11T13:57:16Z">
        </test-method>
        <test-method status="PASS" signature="beforeTest()" name="beforeTest" is-config="true" duration-ms="0" started-at="2018-01-11T13:57:16Z" finished-at="2018-01-11T13:57:16Z">
        </test-method>
        <test-method status="PASS" signature="beforeTest()" name="beforeTest" is-config="true" duration-ms="0" started-at="2018-01-11T13:57:16Z" finished-at="2018-01-11T13:57:16Z">
        </test-method>
        <test-method status="PASS" signature="beforeTest()" name="beforeTest" is-config="true" duration-ms="0" started-at="2018-01-11T13:57:16Z" finished-at="2018-01-11T13:57:16Z">
        </test-method>
        <test-method status="PASS" signature="beforeTest()" name="beforeTest" is-config="true" duration-ms="0" started-at="2018-01-11T13:57:16Z" finished-at="2018-01-11T13:57:16Z">
        </test-method>
        <test-method status="PASS" signature="beforeTest()" name="beforeTest" is-config="true" duration-ms="0" started-at="2018-01-11T13:57:16Z" finished-at="2018-01-11T13:57:16Z">
        </test-method>
        <test-method status="PASS" signature="jarExtensionBeanObserversTest()" name="jarExtensionBeanObserversTest" duration-ms="13" started-at="2018-01-11T13:57:16Z" finished-at="2018-01-11T13:57:16Z">
        </test-method>
        <test-method status="PASS" signature="beforeTest()" name="beforeTest" is-config="true" duration-ms="0" started-at="2018-01-11T13:57:16Z" finished-at="2018-01-11T13:57:16Z">
        </test-method>
      </class>
    </test>
    <test name="ejb_cmp_ear">
      <class name="test.CmpRosterTestNG">
        <test-method status="PASS" signature="test()" name="test" duration-ms="1170" started-at="2018-01-11T13:56:44Z" finished-at="2018-01-11T13:56:46Z">
        </test-method>
      </class>
    </test>
    <test name="cluster_setup">
      <class name="test.clustersetup.ClusterSetupTest">
        <test-method status="PASS" signature="createInstanceTest()" name="createInstanceTest" duration-ms="64246" started-at="2018-01-11T13:57:31Z" depends-on-methods="test.clustersetup.ClusterSetupTest.createClusterTest" finished-at="2018-01-11T13:58:35Z">
        </test-method>
        <test-method status="PASS" signature="createClusterTest()" name="createClusterTest" duration-ms="5840" started-at="2018-01-11T13:57:25Z" finished-at="2018-01-11T13:57:31Z">
        </test-method>
        <test-method status="PASS" signature="startInstanceTest()" name="startInstanceTest" duration-ms="23769" started-at="2018-01-11T13:58:35Z" depends-on-methods="test.clustersetup.ClusterSetupTest.createInstanceTest" finished-at="2018-01-11T13:58:59Z">
        </test-method>
      </class>
    </test>
    <test name="wsit_jaxb_tests">
      <class name="jaxbosgi.JaxbOsgiTestNG">
        <test-method status="PASS" signature="riOsgiTest()" name="riOsgiTest" duration-ms="192" started-at="2018-01-11T13:57:24Z" finished-at="2018-01-11T13:57:24Z">
        </test-method>
        <test-method status="PASS" signature="jaxb1Marshalling()" name="jaxb1Marshalling" duration-ms="363" started-at="2018-01-11T13:57:24Z" finished-at="2018-01-11T13:57:25Z">
        </test-method>
        <test-method status="PASS" signature="jaxb1Exist()" name="jaxb1Exist" duration-ms="27" started-at="2018-01-11T13:57:24Z" finished-at="2018-01-11T13:57:24Z">
        </test-method>
        <test-method status="PASS" signature="msvDatatypeExist()" name="msvDatatypeExist" duration-ms="32" started-at="2018-01-11T13:57:24Z" finished-at="2018-01-11T13:57:24Z">
        </test-method>
      </class>
    </test>
    <test name="asadmin_tests">
      <class name="test.admin.JdbcConnectionPoolTests">
        <test-method status="PASS" signature="ensureCreatedPoolExists()" name="ensureCreatedPoolExists" duration-ms="8" started-at="2018-01-11T13:57:17Z" depends-on-methods="test.admin.JdbcConnectionPoolTests.pingPool" finished-at="2018-01-11T13:57:17Z">
        </test-method>
        <test-method status="PASS" signature="deletePool()" name="deletePool" duration-ms="13" started-at="2018-01-11T13:57:17Z" depends-on-methods="test.admin.JdbcConnectionPoolTests.ensureCreatedPoolExists" finished-at="2018-01-11T13:57:17Z">
        </test-method>
        <test-method status="PASS" signature="setupEnvironment(java.lang.String)" name="setupEnvironment" is-config="true" duration-ms="0" started-at="2018-01-11T13:57:16Z" depends-on-methods="test.admin.BaseAsadminTest.setUpEnvironment" finished-at="2018-01-11T13:57:16Z">
          <params>
            <param index="0">
              <value>
                <![CDATA[admin/resources/resources.xml]]>
              </value>
            </param>
          </params>
        </test-method>
        <test-method status="PASS" signature="setUpEnvironment(java.lang.String, java.lang.String, java.lang.String)" name="setUpEnvironment" is-config="true" duration-ms="0" started-at="2018-01-11T13:57:16Z" finished-at="2018-01-11T13:57:16Z">
          <params>
            <param index="0">
              <value>
                <![CDATA[http://localhost:4848/__asadmin]]>
              </value>
            </param>
            <param index="1">
              <value>
                <![CDATA[admin]]>
              </value>
            </param>
            <param index="2">
              <value>
                <![CDATA[]]>
              </value>
            </param>
          </params>
        </test-method>
        <test-method status="PASS" signature="createPool()" name="createPool" duration-ms="42" started-at="2018-01-11T13:57:16Z" finished-at="2018-01-11T13:57:16Z">
        </test-method>
        <test-method status="PASS" signature="deletedPoolDoesNotExist()" name="deletedPoolDoesNotExist" duration-ms="7" started-at="2018-01-11T13:57:17Z" depends-on-methods="test.admin.JdbcConnectionPoolTests.deletePool" finished-at="2018-01-11T13:57:17Z">
        </test-method>
        <test-method status="PASS" signature="pingPool()" name="pingPool" duration-ms="68" started-at="2018-01-11T13:57:16Z" depends-on-methods="test.admin.JdbcConnectionPoolTests.createPool" finished-at="2018-01-11T13:57:17Z">
        </test-method>
      </class>
      <class name="test.admin.OsgiAsadminTest">
        <test-method status="PASS" signature="createOsgiListener()" name="createOsgiListener" duration-ms="41" started-at="2018-01-11T13:57:17Z" finished-at="2018-01-11T13:57:17Z">
        </test-method>
        <test-method status="PASS" signature="setUpEnvironment(java.lang.String, java.lang.String, java.lang.String)" name="setUpEnvironment" is-config="true" duration-ms="0" started-at="2018-01-11T13:57:17Z" finished-at="2018-01-11T13:57:17Z">
          <params>
            <param index="0">
              <value>
                <![CDATA[http://localhost:4848/__asadmin]]>
              </value>
            </param>
            <param index="1">
              <value>
                <![CDATA[admin]]>
              </value>
            </param>
            <param index="2">
              <value>
                <![CDATA[]]>
              </value>
            </param>
          </params>
        </test-method>
      </class>
      <class name="test.admin.JvmOptionTests">
        <test-method status="PASS" signature="deletedJoeDoesNotExist()" name="deletedJoeDoesNotExist" duration-ms="10" started-at="2018-01-11T13:57:17Z" depends-on-methods="test.admin.JvmOptionTests.deleteJoe" finished-at="2018-01-11T13:57:17Z">
        </test-method>
        <test-method status="PASS" signature="setUpEnvironment(java.lang.String, java.lang.String, java.lang.String)" name="setUpEnvironment" is-config="true" duration-ms="0" started-at="2018-01-11T13:57:16Z" finished-at="2018-01-11T13:57:16Z">
          <params>
            <param index="0">
              <value>
                <![CDATA[http://localhost:4848/__asadmin]]>
              </value>
            </param>
            <param index="1">
              <value>
                <![CDATA[admin]]>
              </value>
            </param>
            <param index="2">
              <value>
                <![CDATA[]]>
              </value>
            </param>
          </params>
        </test-method>
        <test-method status="PASS" signature="ensureCreatedJoeExists()" name="ensureCreatedJoeExists" duration-ms="11" started-at="2018-01-11T13:57:16Z" depends-on-methods="test.admin.JvmOptionTests.createJoe" finished-at="2018-01-11T13:57:16Z">
        </test-method>
        <test-method status="PASS" signature="createJoe()" name="createJoe" duration-ms="25" started-at="2018-01-11T13:57:16Z" finished-at="2018-01-11T13:57:16Z">
        </test-method>
        <test-method status="PASS" signature="deleteJoe()" name="deleteJoe" duration-ms="15" started-at="2018-01-11T13:57:16Z" depends-on-methods="test.admin.JvmOptionTests.ensureCreatedJoeExists" finished-at="2018-01-11T13:57:16Z">
        </test-method>
      </class>
      <class name="test.admin.WebtierTests">
        <test-method status="PASS" signature="deleteListener()" name="deleteListener" duration-ms="67" started-at="2018-01-11T13:57:16Z" depends-on-methods="test.admin.WebtierTests.ensureCreatedListenerExists, test.admin.WebtierTests.createListener" finished-at="2018-01-11T13:57:16Z">
        </test-method>
        <test-method status="PASS" signature="ensureCreatedListenerExists()" name="ensureCreatedListenerExists" duration-ms="8" started-at="2018-01-11T13:57:16Z" depends-on-methods="test.admin.WebtierTests.createListener" finished-at="2018-01-11T13:57:16Z">
        </test-method>
        <test-method status="PASS" signature="ensureDeletedListenerDoesNotExist()" name="ensureDeletedListenerDoesNotExist" duration-ms="8" started-at="2018-01-11T13:57:16Z" depends-on-methods="test.admin.WebtierTests.deleteListener" finished-at="2018-01-11T13:57:16Z">
        </test-method>
        <test-method status="PASS" signature="createListenerWithOldParam()" name="createListenerWithOldParam" duration-ms="88" started-at="2018-01-11T13:57:16Z" depends-on-methods="test.admin.WebtierTests.ensureDeletedListenerDoesNotExist" finished-at="2018-01-11T13:57:16Z">
        </test-method>
        <test-method status="PASS" signature="deleteListener2()" name="deleteListener2" duration-ms="80" started-at="2018-01-11T13:57:16Z" depends-on-methods="test.admin.WebtierTests.createListenerWithOldParam" finished-at="2018-01-11T13:57:16Z">
        </test-method>
        <test-method status="PASS" signature="setup()" name="setup" is-config="true" duration-ms="0" started-at="2018-01-11T13:57:16Z" depends-on-methods="test.admin.JdbcConnectionPoolTests.setupEnvironment" finished-at="2018-01-11T13:57:16Z">
        </test-method>
        <test-method status="PASS" signature="setUpEnvironment(java.lang.String, java.lang.String, java.lang.String)" name="setUpEnvironment" is-config="true" duration-ms="1" started-at="2018-01-11T13:57:16Z" finished-at="2018-01-11T13:57:16Z">
          <params>
            <param index="0">
              <value>
                <![CDATA[http://localhost:4848/__asadmin]]>
              </value>
            </param>
            <param index="1">
              <value>
                <![CDATA[admin]]>
              </value>
            </param>
            <param index="2">
              <value>
                <![CDATA[]]>
              </value>
            </param>
          </params>
        </test-method>
        <test-method status="PASS" signature="createListener()" name="createListener" duration-ms="174" started-at="2018-01-11T13:57:16Z" finished-at="2018-01-11T13:57:16Z">
        </test-method>
      </class>
    </test>
    <test name="deploy_upload_test">
      <class name="test.web.jsp.hello.HelloJSPTestNG">
        <test-method status="PASS" signature="simpleJSPTestPage()" name="simpleJSPTestPage" duration-ms="367" started-at="2018-01-11T13:56:39Z" finished-at="2018-01-11T13:56:39Z">
        </test-method>
        <test-method status="PASS" signature="testServerRunning()" name="testServerRunning" duration-ms="7" started-at="2018-01-11T13:56:39Z" finished-at="2018-01-11T13:56:39Z">
        </test-method>
        <test-method status="PASS" signature="staticHTMLPageTest()" name="staticHTMLPageTest" duration-ms="8" started-at="2018-01-11T13:56:39Z" finished-at="2018-01-11T13:56:39Z">
        </test-method>
        <test-method status="PASS" signature="simpleServletTest()" name="simpleServletTest" duration-ms="3" started-at="2018-01-11T13:56:39Z" finished-at="2018-01-11T13:56:39Z">
        </test-method>
      </class>
    </test>
  </suite>
</testng-results>
