<?xml version="1.0" encoding="UTF-8"?>
<testsuite name="jpa_validation" failures="1" tests="5" time="0.089" errors="0">
  <properties/>
  <testcase name="initialize" time="0.087" classname="test.jpa.jpavalidation.JpaValidationTestNG">
    <failure type="java.lang.AssertionError" message="Unexpected Results expected:&lt;true&gt; but was:&lt;false&gt;">
      <![CDATA[java.lang.AssertionError: Unexpected Results expected:<true> but was:<false>
	at test.jpa.jpavalidation.JpaValidationTestNG.initialize(JpaValidationTestNG.java:69)
... Removed 26 stack frames]]>
    </failure>
  </testcase>
  <testcase name="validatePersist" time="0.0" classname="test.jpa.jpavalidation.JpaValidationTestNG">
    <skipped/>
  </testcase>
  <testcase name="validateUpdate" time="0.001" classname="test.jpa.jpavalidation.JpaValidationTestNG">
    <skipped/>
  </testcase>
  <testcase name="validateRemove" time="0.0" classname="test.jpa.jpavalidation.JpaValidationTestNG">
    <skipped/>
  </testcase>
  <testcase name="verify" time="0.001" classname="test.jpa.jpavalidation.JpaValidationTestNG">
    <skipped/>
  </testcase>
</testsuite>
